<?xml version="1.0" encoding="UTF-8"?>
<testng-results ignored="0" total="1" passed="1" failed="0" skipped="0">
  <reporter-output>
  </reporter-output>
  <suite started-at="2024-04-03T17:19:48 IST" name="Default suite" finished-at="2024-04-03T17:20:10 IST" duration-ms="22482">
    <groups>
    </groups>
    <test started-at="2024-04-03T17:19:48 IST" name="Default test" finished-at="2024-04-03T17:20:10 IST" duration-ms="22482">
      <class name="com.blulife.testcases.Logintestcase">
        <test-method is-config="true" signature="reportGenerate()[pri:0, instance:com.blulife.testcases.Logintestcase@5aa9e4eb]" started-at="2024-04-03T17:19:48 IST" name="reportGenerate" finished-at="2024-04-03T17:19:48 IST" duration-ms="101" status="PASS">
          <reporter-output>
          </reporter-output>
        </test-method> <!-- reportGenerate -->
        <test-method is-config="true" signature="launchbrowser()[pri:0, instance:com.blulife.testcases.Logintestcase@5aa9e4eb]" started-at="2024-04-03T17:19:48 IST" name="launchbrowser" finished-at="2024-04-03T17:19:54 IST" duration-ms="6370" status="PASS">
          <reporter-output>
          </reporter-output>
        </test-method> <!-- launchbrowser -->
        <test-method signature="validLogin()[pri:0, instance:com.blulife.testcases.Logintestcase@5aa9e4eb]" started-at="2024-04-03T17:19:54 IST" name="validLogin" finished-at="2024-04-03T17:20:10 IST" duration-ms="16085" status="PASS">
          <reporter-output>
          </reporter-output>
        </test-method> <!-- validLogin -->
        <test-method is-config="true" signature="logResult(org.testng.ITestResult)[pri:0, instance:com.blulife.testcases.Logintestcase@5aa9e4eb]" started-at="2024-04-03T17:20:10 IST" name="logResult" finished-at="2024-04-03T17:20:10 IST" duration-ms="2" status="FAIL">
          <params>
            <param index="0">
              <value>
                <![CDATA[[TestResult name=validLogin status=SUCCESS method=Logintestcase.validLogin()[pri:0, instance:com.blulife.testcases.Logintestcase@5aa9e4eb] output={null}]]]>
              </value>
            </param>
          </params>
          <exception class="java.lang.NullPointerException">
            <message>
              <![CDATA[Cannot invoke "java.lang.Throwable.getMessage()" because the return value of "org.testng.ITestResult.getThrowable()" is null]]>
            </message>
            <full-stacktrace>
              <![CDATA[java.lang.NullPointerException: Cannot invoke "java.lang.Throwable.getMessage()" because the return value of "org.testng.ITestResult.getThrowable()" is null
at com.blulife.testcases.Baseclass.logResult(Baseclass.java:56)
at java.base/jdk.internal.reflect.DirectMethodHandleAccessor.invoke(DirectMethodHandleAccessor.java:103)
at java.base/java.lang.reflect.Method.invoke(Method.java:580)
at org.testng.internal.invokers.MethodInvocationHelper.invokeMethod(MethodInvocationHelper.java:139)
at org.testng.internal.invokers.MethodInvocationHelper.invokeMethodConsideringTimeout(MethodInvocationHelper.java:69)
at org.testng.internal.invokers.ConfigInvoker.invokeConfigurationMethod(ConfigInvoker.java:361)
at org.testng.internal.invokers.ConfigInvoker.invokeConfigurations(ConfigInvoker.java:296)
at org.testng.internal.invokers.TestInvoker.runConfigMethods(TestInvoker.java:823)
at org.testng.internal.invokers.TestInvoker.runAfterConfigurations(TestInvoker.java:792)
at org.testng.internal.invokers.TestInvoker.invokeMethod(TestInvoker.java:768)
at org.testng.internal.invokers.TestInvoker.invokeTestMethod(TestInvoker.java:221)
at org.testng.internal.invokers.MethodRunner.runInSequence(MethodRunner.java:50)
at org.testng.internal.invokers.TestInvoker$MethodInvocationAgent.invoke(TestInvoker.java:969)
at org.testng.internal.invokers.TestInvoker.invokeTestMethods(TestInvoker.java:194)
at org.testng.internal.invokers.TestMethodWorker.invokeTestMethods(TestMethodWorker.java:148)
at org.testng.internal.invokers.TestMethodWorker.run(TestMethodWorker.java:128)
at java.base/java.util.ArrayList.forEach(ArrayList.java:1596)
at org.testng.TestRunner.privateRun(TestRunner.java:829)
at org.testng.TestRunner.run(TestRunner.java:602)
at org.testng.SuiteRunner.runTest(SuiteRunner.java:437)
at org.testng.SuiteRunner.runSequentially(SuiteRunner.java:431)
at org.testng.SuiteRunner.privateRun(SuiteRunner.java:391)
at org.testng.SuiteRunner.run(SuiteRunner.java:330)
at org.testng.SuiteRunnerWorker.runSuite(SuiteRunnerWorker.java:52)
at org.testng.SuiteRunnerWorker.run(SuiteRunnerWorker.java:95)
at org.testng.TestNG.runSuitesSequentially(TestNG.java:1256)
at org.testng.TestNG.runSuitesLocally(TestNG.java:1176)
at org.testng.TestNG.runSuites(TestNG.java:1099)
at org.testng.TestNG.run(TestNG.java:1067)
at org.testng.remote.AbstractRemoteTestNG.run(AbstractRemoteTestNG.java:115)
at org.testng.remote.RemoteTestNG.initAndRun(RemoteTestNG.java:251)
at org.testng.remote.RemoteTestNG.main(RemoteTestNG.java:77)
]]>
            </full-stacktrace>
          </exception> <!-- java.lang.NullPointerException -->
          <reporter-output>
          </reporter-output>
        </test-method> <!-- logResult -->
        <test-method is-config="true" signature="tearDown()[pri:0, instance:com.blulife.testcases.Logintestcase@5aa9e4eb]" started-at="2024-04-03T17:20:10 IST" name="tearDown" finished-at="2024-04-03T17:20:11 IST" duration-ms="182" status="PASS">
          <reporter-output>
          </reporter-output>
        </test-method> <!-- tearDown -->
      </class> <!-- com.blulife.testcases.Logintestcase -->
    </test> <!-- Default test -->
  </suite> <!-- Default suite -->
</testng-results>
